<?xml version="1.0" encoding="UTF-8"?>
<testsuite xmlns:xsi="http://www.w3.org/2001/XMLSchema-instance" xsi:noNamespaceSchemaLocation="https://maven.apache.org/surefire/maven-surefire-plugin/xsd/surefire-test-report.xsd" name="org.example.CalculatorTest" time="0.376" tests="14" errors="0" skipped="0" failures="0">
  <properties>
[...]
</properties>
  <testcase name="subtractNumbers{double, double, double}[1]" classname="org.example.CalculatorTest" time="0.122"/>
  <testcase name="subtractNumbers{double, double, double}[2]" classname="org.example.CalculatorTest" time="0.009"/>
  <testcase name="subtractNumbers{double, double, double}[3]" classname="org.example.CalculatorTest" time="0"/>
  <testcase name="subtractNumbers{double, double, double}[4]" classname="org.example.CalculatorTest" time="0.01"/>
  <testcase name="divideNumbers{double, double, double}[1]" classname="org.example.CalculatorTest" time="0.001"/>
  <testcase name="divideNumbers{double, double, double}[2]" classname="org.example.CalculatorTest" time="0"/>
  <testcase name="divideNumbers{double, double, double}[3]" classname="org.example.CalculatorTest" time="0.002"/>
  <testcase name="addNumbers{double, double, double}[1]" classname="org.example.CalculatorTest" time="0.002"/>
  <testcase name="addNumbers{double, double, double}[2]" classname="org.example.CalculatorTest" time="0"/>
  <testcase name="addNumbers{double, double, double}[3]" classname="org.example.CalculatorTest" time="0"/>
  <testcase name="multiplyNumbers{double, double, double}[1]" classname="org.example.CalculatorTest" time="0.003"/>
  <testcase name="multiplyNumbers{double, double, double}[2]" classname="org.example.CalculatorTest" time="0.008"/>
  <testcase name="multiplyNumbers{double, double, double}[3]" classname="org.example.CalculatorTest" time="0"/>
  <testcase name="multiplyNumbers{double, double, double}[4]" classname="org.example.CalculatorTest" time="0.002"/>
</testsuite>